<?xml version="1.0" encoding="UTF-8"?>
<!-- Generated by org.testng.reporters.JUnitReportReporter -->
<testsuite hostname="80L-AS3482-2" failures="0" tests="1" name="test.googleAppleFacebookTest41145" time="15.324" errors="0" timestamp="2022-07-05T15:56:47 CDT" skipped="0">
  <testcase classname="test.googleAppleFacebookTest41145" name="appleLogin" time="15.324"/>
  <system-out/>
</testsuite> <!-- test.googleAppleFacebookTest41145 -->
