<?xml version="1.0" encoding="UTF-8"?>
<!-- Generated by org.testng.reporters.JUnitReportReporter -->
<testsuite hostname="80L-AS3482-2" failures="0" tests="1" name="test.cartridege_38403" time="17.441" errors="0" timestamp="2022-10-07T15:44:35 CDT" skipped="0">
  <testcase classname="test.cartridege_38403" name="cartridge" time="17.441"/>
  <system-out/>
</testsuite> <!-- test.cartridege_38403 -->
