<?xml version="1.0" encoding="UTF-8"?>
<!-- Generated by org.testng.reporters.JUnitReportReporter -->
<testsuite hostname="80L-AS3482" failures="0" tests="1" name="test.C48176" time="19.992" errors="0" timestamp="2023-05-10T12:15:16 CDT" skipped="0">
  <testcase classname="test.C48176" name="search_MyData" time="19.992"/>
  <system-out/>
</testsuite> <!-- test.C48176 -->
