<?xml version="1.0" encoding="UTF-8"?>
<!-- Generated by org.testng.reporters.JUnitReportReporter -->
<testsuite hostname="80L-AS3482-2" failures="0" tests="3" name="test.sampleDataprovider" time="0.014" errors="0" timestamp="2022-06-30T15:52:04 CDT" skipped="0">
  <testcase classname="test.sampleDataprovider" name="setData" time="0.001"/>
  <system-out/>
  <testcase classname="test.sampleDataprovider" name="setData" time="0.012"/>
  <system-out/>
  <testcase classname="test.sampleDataprovider" name="setData" time="0.001"/>
  <system-out/>
</testsuite> <!-- test.sampleDataprovider -->
