<?xml version="1.0" encoding="UTF-8"?>
<!-- Generated by org.testng.reporters.JUnitReportReporter -->
<testsuite hostname="80L-AS3482" failures="0" tests="1" name="test.C44690" time="11.517" errors="0" timestamp="2023-05-17T08:20:09 CDT" skipped="0">
  <testcase classname="test.C44690" name="test" time="11.517"/>
  <system-out/>
</testsuite> <!-- test.C44690 -->
