<?xml version="1.0" encoding="UTF-8"?>
<!-- Generated by org.testng.reporters.JUnitReportReporter -->
<testsuite hostname="80L-AS3482" failures="0" tests="1" name="test.TC41405_FileRemove" time="29.412" errors="0" timestamp="2022-12-22T09:33:26 CST" skipped="0">
  <testcase classname="test.TC41405_FileRemove" name="fileRemove_cancel" time="29.412"/>
  <system-out>
    <![CDATA[pop up message is same as expected
The File is Removed]]>
  </system-out>
</testsuite> <!-- test.TC41405_FileRemove -->
