<?xml version="1.0" encoding="UTF-8"?>
<!-- Generated by org.testng.reporters.JUnitReportReporter -->
<testsuite hostname="80L-AS3482" failures="0" tests="1" name="test.C45561" time="21.212" errors="0" timestamp="2023-05-18T11:38:50 CDT" skipped="0">
  <testcase classname="test.C45561" name="test" time="21.212"/>
  <system-out>
    <![CDATA[This is the URL https://zsbsupport.zebra.com/s/
This is the title Support Home | ZSB Series Small & Home Office Label Printer
Actual is https://zsbsupport.zebra.com/s/ compared with expected https://zsbsupport.zebra.com/s/
Actual is Support Home | ZSB Series Small & Home Office Label Printer compared with expected Support Home | ZSB Series Small & Home Office Label Printer]]>
  </system-out>
</testsuite> <!-- test.C45561 -->
