<?xml version="1.0" encoding="UTF-8"?>
<!-- Generated by org.testng.reporters.JUnitReportReporter -->
<testsuite hostname="80L-AS3482" failures="0" tests="1" name="test.C33690" time="10.771" errors="0" timestamp="2023-05-22T11:41:39 CDT" skipped="0">
  <testcase classname="test.C33690" name="test" time="10.771"/>
  <system-out>
    <![CDATA[Element is not present. 0
Element is present. 1]]>
  </system-out>
</testsuite> <!-- test.C33690 -->
