<?xml version="1.0" encoding="UTF-8"?>
<!-- Generated by org.testng.reporters.JUnitReportReporter -->
<testsuite hostname="80L-AS3482" failures="0" tests="1" name="test.darkness" time="23.202" errors="0" timestamp="2023-01-16T15:41:17 CST" skipped="0">
  <testcase classname="test.darkness" name="start" time="23.202"/>
  <system-out/>
</testsuite> <!-- test.darkness -->
