<?xml version="1.0" encoding="UTF-8"?>
<!-- Generated by org.testng.reporters.JUnitReportReporter -->
<testsuite hostname="80L-AS3482" failures="0" tests="3" name="test.multiplebrowsers" time="13.812" errors="0" timestamp="2022-12-21T15:40:18 CST" skipped="0">
  <testcase classname="test.multiplebrowsers" name="appleSite" time="4.624"/>
  <system-out/>
  <testcase classname="test.multiplebrowsers" name="appleSite" time="3.442"/>
  <system-out/>
  <testcase classname="test.multiplebrowsers" name="appleSite" time="5.746"/>
  <system-out/>
</testsuite> <!-- test.multiplebrowsers -->
