<?xml version="1.0" encoding="UTF-8"?>
<!-- Generated by org.testng.reporters.JUnitReportReporter -->
<testsuite hostname="80L-AS3482" failures="0" tests="1" name="test.C4000014" time="32.715" errors="0" timestamp="2023-05-22T16:07:25 CDT" skipped="0">
  <testcase classname="test.C4000014" name="test" time="32.715"/>
  <system-out>
    <![CDATA[Browser is set chrome
Send Text to an element
Send Text to an element
Clicked on the Element 
Actual Title is Zebra Small Office Home Office compared with expected Title Zebra Small Office Home Office
Clicked on the Element 
Clicked on the Element 
Actual Text is Support compared with expected Text Support
Actual Text is FAQs compared with expected Text FAQs
Actual Text is Contact Us compared with expected Text Contact Us
Clicked on the Element 
Actual Title is Zebra Small Office Home Office compared with expected Title Zebra Small Office Home Office
Browser is closed
test passed Pass
this is the exec id in listners 772675]]>
  </system-out>
</testsuite> <!-- test.C4000014 -->
