<?xml version="1.0" encoding="UTF-8"?>
<!-- Generated by org.testng.reporters.JUnitReportReporter -->
<testsuite hostname="80W-FIRMLAB07" failures="0" tests="1" name="test.C4000418" time="113.026" errors="0" timestamp="2024-05-29T06:36:04 CDT" skipped="0">
  <testcase classname="test.C4000418" name="test" time="113.026"/>
  <system-out>
    <![CDATA[Browser is set Edge
Clicked on the Element 
Send Text to an element
Send Text to an element
Clicked on the Element 
It is in new Home page 
Clicked on the Element 
Clicked on the Element 
Clicked on the Element 
Clicked on the Element 
Element is Enabled. true
Element is Enabled. true
Element is Enabled. true
Clicked on the Element 
Clicked on the Element 
Clicked on the Element 
Element is Enabled. true
Clicked on the Element 
Actual Text is For security purposes, please login one last time to finalize the deletion of your account. Failure to do so will result in your account still being active. compared with expected Text For security purposes, please login one last time to finalize the deletion of your account. Failure to do so will result in your account still being active.
Element is present. 1
Clicked on the Element 
Clicked on the Element 
Send Text to an element
Send Text to an element
Clicked on the Element 
It is in new Home page 
Element is present. 1
Element is present. 1
Element is present. 1
Clicked on the Element 
Clicked on the Element 
Element is not present. 0
Clicked on the Element 
Clicked on the Element 
Clicked on the Element 
Send Text to an element
Send Text to an element
Clicked on the Element 
It is in new Home page 
Browser is closed
test passed Pass
this is the exec id in listners 932743]]>
  </system-out>
</testsuite> <!-- test.C4000418 -->
