<?xml version="1.0" encoding="UTF-8"?>
<!-- Generated by org.testng.reporters.JUnitReportReporter -->
<testsuite hostname="48S-TDMStest02" failures="0" tests="1" name="test.C4000328" time="94.306" errors="0" timestamp="2023-12-05T19:42:47 SGT" skipped="0">
  <testcase classname="test.C4000328" name="test" time="94.306"/>
  <system-out>
    <![CDATA[Browser is set Edge
Clicked on the Element 
Send Text to an element
Send Text to an element
Clicked on the Element 
Clicked on the Element 
Clicked on the Element 
Clicked on the Element 
Element is present. 2
Send Text to an element
Element is present. 4
Actual Text is Address compared with expected Text Address
Clicked on the Element 
Clicked on the Element 
Browser is closed
test passed Pass
this is the exec id in listners 841709]]>
  </system-out>
</testsuite> <!-- test.C4000328 -->
