<?xml version="1.0" encoding="UTF-8"?>
<!-- Generated by org.testng.reporters.JUnitReportReporter -->
<testsuite hostname="80W-FIRMLAB07" failures="0" tests="1" name="test.C4000374" time="57.398" errors="0" timestamp="2024-07-09T04:52:56 CDT" skipped="0">
  <testcase classname="test.C4000374" name="test" time="57.398"/>
  <system-out>
    <![CDATA[Browser is set Edge
Clicked on the Element 
Send Text to an element
Send Text to an element
Clicked on the Element 
It is in new Home page 
Clicked on the Element 
Send Text to an element
Clicked on the Element 
Clicked on the Element 
Clicked on the Element 
Clicked on the Element 
Actual Text is 99999.00 compared with expected Text 99999.00
Actual Text is 99999.00 compared with expected Text 99999.00
Clicked on the Element 
Browser is closed
test passed Pass
this is the exec id in listners 946558]]>
  </system-out>
</testsuite> <!-- test.C4000374 -->
