<?xml version="1.0" encoding="UTF-8"?>
<!-- Generated by org.testng.reporters.JUnitReportReporter -->
<testsuite hostname="48S-TDMStest02" failures="0" tests="1" name="test.C4000316" time="169.168" errors="0" timestamp="2024-01-12T18:32:36 SGT" skipped="0">
  <testcase classname="test.C4000316" name="test" time="169.168"/>
  <system-out>
    <![CDATA[Browser is set chrome
Clicked on the Element 
Send Text to an element
Send Text to an element
Clicked on the Element 
Clicked on the Element 
Clicked on the Element 
Clicked on the Element 
Clicked on the Element 
Clicked on the Element 
Clicked on the Element 
Clicked on the Element 
Clicked on the Element 
Clicked on the Element 
Clicked on the Element 
Send Text to an element
Clicked on the Element 
Element is not present. 0
Actual Text is Asset copy (1) compared with expected Text Asset copy (1)
Clicked on the Element 
Clicked on the Element 
Clicked on the Element 
Clicked on the Element 
Clicked on the Element 
Clicked on the Element 
Clicked on the Element 
Clicked on the Element 
Browser is closed
test passed Pass
this is the exec id in listners 900145]]>
  </system-out>
</testsuite> <!-- test.C4000316 -->
