<?xml version="1.0" encoding="UTF-8"?>
<!-- Generated by org.testng.reporters.JUnitReportReporter -->
<testsuite hostname="80W-FIRMLAB07" failures="0" tests="1" name="test.C4000252" time="73.047" errors="0" timestamp="2024-05-13T03:12:11 CDT" skipped="0">
  <testcase classname="test.C4000252" name="test" time="73.047"/>
  <system-out>
    <![CDATA[Browser is set chrome
Clicked on the Element 
Send Text to an element
Send Text to an element
Clicked on the Element 
It is in new Home page 
Clicked on the Element 
Clicked on the Element 
Clicked on the Element 
Clicked on the Element 
Clicked on the Element 
Element is present. 1
Send Text to an element
Clicked on the Element 
Element is present. 1
Send Text to an element
Clicked on the Element 
Element is present. 1
The dialogue window has Selected Pass
The dialogue window has Selected Pass
Browser is closed
test passed Pass
this is the exec id in listners 929341]]>
  </system-out>
</testsuite> <!-- test.C4000252 -->
