<?xml version="1.0" encoding="UTF-8"?>
<!-- Generated by org.testng.reporters.JUnitReportReporter -->
<testsuite hostname="48S-TDMStest02" failures="0" tests="1" name="test.C4000306" time="104.264" errors="0" timestamp="2023-12-11T20:57:38 SGT" skipped="0">
  <testcase classname="test.C4000306" name="test" time="104.264"/>
  <system-out>
    <![CDATA[Browser is set Edge
Clicked on the Element 
Send Text to an element
Send Text to an element
Clicked on the Element 
Clicked on the Element 
Clicked on the Element 
Clicked on the Element 
Send Text to an element
Actual Text is Search tips: try typing exactly what you’re looking for. It may help to simply type 1 word, and search for results then. compared with expected Text Search tips: try typing exactly what you’re looking for. It may help to simply type 1 word, and search for results then.
Actual Text is No results for "ifuf" compared with expected Text No results for "ifuf"
Clicked on the Element 
Element is not present. 0
Send Text to an element
Actual Text is No templates were found with current filter. compared with expected Text No templates were found with current filter.
Browser is closed
test passed Pass
this is the exec id in listners 842734]]>
  </system-out>
</testsuite> <!-- test.C4000306 -->
