<?xml version="1.0" encoding="UTF-8"?>
<!-- Generated by org.testng.reporters.JUnitReportReporter -->
<testsuite hostname="80W-FIRMLAB07" failures="0" tests="1" name="test.C4000243" time="128.147" errors="0" timestamp="2024-07-09T03:39:50 CDT" skipped="0">
  <testcase classname="test.C4000243" name="test" time="128.147"/>
  <system-out>
    <![CDATA[Browser is set chrome
Clicked on the Element 
Send Text to an element
Send Text to an element
Clicked on the Element 
It is in new Home page 
Actual Title is Zebra Small Office Home Office compared with expected Title Zebra Small Office Home Office
Actual URL is https://zsbportal-stage.zebra.com/home compared with expected URL https://zsbportal-stage.zebra.com/home
Clicked on the Element 
Clicked on the Element 
Clicked on the Element 
Send Text to an element
Clicked on the Element 
Actual Text is With Spaces compared with expected Text With Spaces
Clicked on the Element 
Clicked on the Element 
Actual Text is With Spaces compared with expected Text With Spaces
Clicked on the Element 
Clicked on the Element 
Clicked on the Element 
Clicked on the Element 
Send Text to an element
Clicked on the Element 
Clicked on the Element 
Clicked on the Element 
Clicked on the Element 
Clicked on the Element 
Actual Text is ZSB-DP12 compared with expected Text ZSB-DP12
Clicked on the Element 
Browser is closed
test passed Pass
this is the exec id in listners 946484]]>
  </system-out>
</testsuite> <!-- test.C4000243 -->
