<?xml version="1.0" encoding="UTF-8"?>
<!-- Generated by org.testng.reporters.JUnitReportReporter -->
<testsuite hostname="80W-FIRMLAB07" failures="0" tests="1" name="test.C4000278" time="52.924" errors="0" timestamp="2024-03-11T06:07:48 CDT" skipped="0">
  <testcase classname="test.C4000278" name="test" time="52.924"/>
  <system-out>
    <![CDATA[Browser is set Edge
Clicked on the Element 
Send Text to an element
Send Text to an element
Clicked on the Element 
Clicked on the Element 
Clicked on the Element 
Send Text to an element
Actual Text is No results for "abc" compared with expected Text No results for "abc"
Actual Text is Search tips: try typing exactly what you’re looking for. It may help to simply type 1 word, and search for results then. compared with expected Text Search tips: try typing exactly what you’re looking for. It may help to simply type 1 word, and search for results then.
Actual Text is Browse Categories compared with expected Text Browse Categories
Actual Text is Categories (0) compared with expected Text Categories (0)
Actual Text is No Categories were found with current filter. compared with expected Text No Categories were found with current filter.
Actual Text is Designs (0) compared with expected Text Designs (0)
Actual Text is No Designs were found with current filter. compared with expected Text No Designs were found with current filter.
Clicked on the Element 
Clicked on the Element 
Browser is closed
test passed Pass
this is the exec id in listners 909358]]>
  </system-out>
</testsuite> <!-- test.C4000278 -->
