<?xml version="1.0" encoding="UTF-8"?>
<!-- Generated by org.testng.reporters.JUnitReportReporter -->
<testsuite hostname="48S-TDMStest02" failures="0" tests="1" name="test.C4000053" time="72.718" errors="0" timestamp="2023-10-23T11:53:00 SGT" skipped="0">
  <testcase classname="test.C4000053" name="test" time="72.718"/>
  <system-out>
    <![CDATA[Browser is set chrome
Clicked on the Element 
This is the URL https://www.zebra.com/us/en.html
This is the title Zebra Technologies | Visible. Connected. Optimized.
Actual URL is https://www.zebra.com/us/en.html compared with expected URL https://www.zebra.com/us/en.html
Actual Title is Zebra Technologies | Visible. Connected. Optimized. compared with expected Title Zebra Technologies | Visible. Connected. Optimized.
Clicked on the Element 
Actual Text is TERMS OF USE compared with expected Text TERMS OF USE
Clicked on the Element 
This is the URL https://www.zebra.com/us/en/about-zebra/company-information/legal/privacy-statement.html
This is the title Privacy Statement | Zebra Technologies
Actual URL is https://www.zebra.com/us/en/about-zebra/company-information/legal/privacy-statement.html compared with expected URL https://www.zebra.com/us/en/about-zebra/company-information/legal/privacy-statement.html
Actual Title is Privacy Statement | Zebra Technologies compared with expected Title Privacy Statement | Zebra Technologies
Browser is closed
test passed Pass
this is the exec id in listners 831036]]>
  </system-out>
</testsuite> <!-- test.C4000053 -->
