<?xml version="1.0" encoding="UTF-8"?>
<!-- Generated by org.testng.reporters.JUnitReportReporter -->
<testsuite hostname="80W-FIRMLAB07" failures="0" tests="1" name="test.C4000481" time="58.381" errors="0" timestamp="2024-05-08T04:54:01 CDT" skipped="0">
  <testcase classname="test.C4000481" name="test" time="58.381"/>
  <system-out>
    <![CDATA[Browser is set chrome
Clicked on the Element 
Send Text to an element
Send Text to an element
Clicked on the Element 
It is in new Home page 
Clicked on the Element 
Clicked on the Element 
Actual Text is Showing 1 of 1 design compared with expected Text Showing 1 of 1 design
TestCase45293.nlbl File has been uploaded on webpage
Actual Text is Showing 2 of 2 designs compared with expected Text Showing 2 of 2 designs
Element is present. 1
Actual Text is Showing 1 of 1 design compared with expected Text Showing 1 of 1 design
Browser is closed
test passed Pass
this is the exec id in listners 927856]]>
  </system-out>
</testsuite> <!-- test.C4000481 -->
