<?xml version="1.0" encoding="UTF-8"?>
<!-- Generated by org.testng.reporters.JUnitReportReporter -->
<testsuite hostname="80W-FIRMLAB07" failures="0" tests="1" name="test.C4000551" time="46.983" errors="0" timestamp="2024-03-13T01:57:14 CDT" skipped="0">
  <testcase classname="test.C4000551" name="test" time="46.983"/>
  <system-out>
    <![CDATA[Browser is set Edge
Clicked on the Element 
Send Text to an element
Send Text to an element
Clicked on the Element 
Clicked on the Element 
Clicked on the Element 
Clicked on the Element 
Clicked on the Element 
Element is Enabled. true
Clicked on the Element 
Actual Text is Grade copy has been successfully duplicated to My Designs. compared with expected Text Grade copy has been successfully duplicated to My Designs.
Clicked on the Element 
Browser is closed
test passed Pass
this is the exec id in listners 909751]]>
  </system-out>
</testsuite> <!-- test.C4000551 -->
