<?xml version="1.0" encoding="UTF-8"?>
<!-- Generated by org.testng.reporters.JUnitReportReporter -->
<testsuite hostname="48S-TDMStest02" failures="0" tests="1" name="test.C4000207" time="79.836" errors="0" timestamp="2023-11-29T15:23:22 SGT" skipped="0">
  <testcase classname="test.C4000207" name="test" time="79.836"/>
  <system-out>
    <![CDATA[Browser is set chrome
Clicked on the Element 
Send Text to an element
Send Text to an element
Clicked on the Element 
Clicked on the Element 
Clicked on the Element 
Clicked on the Element 
Clicked on the Element 
Clicked on the Element 
Browser is closed
test passed Pass
this is the exec id in listners 840146]]>
  </system-out>
</testsuite> <!-- test.C4000207 -->
