<?xml version="1.0" encoding="UTF-8"?>
<!-- Generated by org.testng.reporters.JUnitReportReporter -->
<testsuite hostname="48S-TDMStest02" failures="0" tests="1" name="test.C4000132" time="50.975" errors="0" timestamp="2024-01-12T05:13:55 SGT" skipped="0">
  <testcase classname="test.C4000132" name="test" time="50.975"/>
  <system-out>
    <![CDATA[Browser is set chrome
Clicked on the Element 
Send Text to an element
Send Text to an element
Clicked on the Element 
Actual Text is The email you entered isn’t connected to an account. Find your account and log in. compared with expected Text The email you entered isn’t connected to an account. Find your account and log in.
Browser is closed
test passed Pass
this is the exec id in listners 899929]]>
  </system-out>
</testsuite> <!-- test.C4000132 -->
