<?xml version="1.0" encoding="UTF-8"?>
<!-- Generated by org.testng.reporters.JUnitReportReporter -->
<testsuite hostname="48S-TDMStest02" failures="0" tests="1" name="test.C4000349" time="76.251" errors="0" timestamp="2024-01-12T01:13:11 SGT" skipped="0">
  <testcase classname="test.C4000349" name="test" time="76.251"/>
  <system-out>
    <![CDATA[Browser is set chrome
Actual Text is Sign In With compared with expected Text Sign In With
Clicked on the Element 
Actual Text is Use your Apple ID to sign in to ZSB Series. compared with expected Text Use your Apple ID to sign in to ZSB Series.
Send Text to an element
Clicked on the Element 
Send Text to an element
Clicked on the Element 
Actual Text is Your Apple ID or password was incorrect. compared with expected Text Your Apple ID or password was incorrect.
Browser is closed
test passed Pass
this is the exec id in listners 899837]]>
  </system-out>
</testsuite> <!-- test.C4000349 -->
