<?xml version="1.0" encoding="UTF-8"?>
<!-- Generated by org.testng.reporters.JUnitReportReporter -->
<testsuite hostname="80W-FIRMLAB07" failures="0" tests="1" name="test.C4000248" time="96.160" errors="0" timestamp="2024-05-13T02:55:39 CDT" skipped="0">
  <testcase classname="test.C4000248" name="test" time="96.160"/>
  <system-out>
    <![CDATA[Browser is set chrome
Clicked on the Element 
Send Text to an element
Send Text to an element
Clicked on the Element 
It is in new Home page 
Clicked on the Element 
Clicked on the Element 
Clicked on the Element 
Clicked on the Element 
Clicked on the Element 
The Webpage is switch to Frame
This is the zoom level 190
Clicked on the Element 
Dropped on Canvas
Clicked on the Element 
Dropped on Canvas
Clicked on the Element 
The dialogue window has Selected Pass
The dialogue window has Selected Pass
Clicked on the Element 
The dialogue window has Selected Pass
The dialogue window has Selected Pass
Browser is closed
test passed Pass
this is the exec id in listners 929335]]>
  </system-out>
</testsuite> <!-- test.C4000248 -->
