<?xml version="1.0" encoding="UTF-8"?>
<!-- Generated by org.testng.reporters.JUnitReportReporter -->
<testsuite hostname="80W-FIRMLAB07" failures="0" tests="1" name="test.C4000413" time="81.762" errors="0" timestamp="2024-05-10T02:46:58 CDT" skipped="0">
  <testcase classname="test.C4000413" name="test" time="81.762"/>
  <system-out>
    <![CDATA[Browser is set chrome
Clicked on the Element 
Send Text to an element
Send Text to an element
Clicked on the Element 
It is in new Home page 
Clicked on the Element 
Element is present. 1
Clicked on the Element 
Clicked on the Element 
Element is not present. 0
Element is present. 1
Clicked on the Element 
Clicked on the Element 
This is the zoom level 100
Clicked on the Element 
Clicked on the Element 
Dropped on Canvas
The variable value is TED test case 45230
Clicked on the Element 
Element is present. 1
Send Text to an element
Element is present. 1
Element is present. 1
Clicked on the Element 
Clicked on the Element 
Clicked on the Element 
Browser is closed
test passed Pass
this is the exec id in listners 928669]]>
  </system-out>
</testsuite> <!-- test.C4000413 -->
