<?xml version="1.0" encoding="UTF-8"?>
<!-- Generated by org.testng.reporters.JUnitReportReporter -->
<testsuite hostname="80W-FIRMLAB07" failures="0" tests="1" name="test.C4000273" time="106.304" errors="0" timestamp="2024-05-14T05:38:13 CDT" skipped="0">
  <testcase classname="test.C4000273" name="test" time="106.304"/>
  <system-out>
    <![CDATA[Browser is set Edge
Clicked on the Element 
Send Text to an element
Send Text to an element
Clicked on the Element 
It is in new Home page 
Clicked on the Element 
Clicked on the Element 
Clicked on the Element 
Clicked on the Element 
Actual Text is Print compared with expected Text Print
Actual Text is Copy to My Designs compared with expected Text Copy to My Designs
Actual Text is Edit compared with expected Text Edit
Element is not present. 0
Clicked on the Element 
Clicked on the Element 
Clicked on the Element 
Browser is closed
test passed Pass
this is the exec id in listners 929736]]>
  </system-out>
</testsuite> <!-- test.C4000273 -->
