<?xml version="1.0" encoding="UTF-8"?>
<!-- Generated by org.testng.reporters.JUnitReportReporter -->
<testsuite hostname="80W-FIRMLAB07" failures="0" tests="1" name="test.C4000583" time="75.635" errors="0" timestamp="2024-05-14T22:52:34 CDT" skipped="0">
  <testcase classname="test.C4000583" name="test" time="75.635"/>
  <system-out>
    <![CDATA[Browser is set chrome
Element is present. 1
Clicked on the Element 
It is in new Home page 
Send Text to an element
Clicked on the Element 
It is in new Home page 
Element is present. 1
Cleared the Text of an element
Send Text to an element
Clicked on the Element 
It is in new Home page 
Send Text to an element
Clicked on the Element 
It is in new Home page 
Clicked on the Element 
Clicked on the Element 
Element is present. 1
Clicked on the Element 
Clicked on the Element 
Element is present. 1
Browser is closed
test passed Pass
this is the exec id in listners 930976]]>
  </system-out>
</testsuite> <!-- test.C4000583 -->
