<?xml version="1.0" encoding="UTF-8"?>
<!-- Generated by org.testng.reporters.JUnitReportReporter -->
<testsuite hostname="48S-TDMStest02" failures="0" tests="1" name="test.C4000223" time="198.901" errors="0" timestamp="2023-11-28T10:56:40 SGT" skipped="0">
  <testcase classname="test.C4000223" name="test" time="198.901"/>
  <system-out>
    <![CDATA[Browser is set chrome
Clicked on the Element 
Send Text to an element
Send Text to an element
Clicked on the Element 
Actual Title is Zebra Small Office Home Office compared with expected Title Zebra Small Office Home Office
Actual URL is https://zsbportal-stage.zebra.com/home compared with expected URL https://zsbportal-stage.zebra.com/home
Clicked on the Element 
Clicked on the Element 
Clicked on the Element 
Clicked on the Element 
Clicked on the Element 
Clicked on the Element 
Clicked on the Element 
Clicked on the Element 
Clicked on the Element 
Clicked on the Element 
Clicked on the Element 
Clicked on the Element 
Clicked on the Element 
Clicked on the Element 
Clicked on the Element 
The variable value is 452
Clicked on the Element 
Clicked on the Element 
Clicked on the Element 
Clicked on the Element 
Clicked on the Element 
Clicked on the Element 
Clicked on the Element 
Actual Text is 450 compared with expected Text 450
Browser is closed
test passed Pass
this is the exec id in listners 839490]]>
  </system-out>
</testsuite> <!-- test.C4000223 -->
