<?xml version="1.0" encoding="UTF-8"?>
<!-- Generated by org.testng.reporters.JUnitReportReporter -->
<testsuite hostname="80W-FIRMLAB07" failures="0" tests="1" name="test.C4000505" time="205.410" errors="0" timestamp="2024-07-04T06:25:43 CDT" skipped="0">
  <testcase classname="test.C4000505" name="test" time="205.410"/>
  <system-out>
    <![CDATA[Browser is set chrome
Clicked on the Element 
Send Text to an element
Send Text to an element
Clicked on the Element 
It is in new Home page 
Clicked on the Element 
Clicked on the Element 
Clicked on the Element 
Clicked on the Element 
It is in new Home page 
This is the zoom level 350
Clicked on the Element 
Dropped on Canvas
The title name of the label is saved in  a variable @text1
Clicked on the Element.
Clicked on the Element.
Clicked on the Element.
Clicked on the Element.
Send Text to an element
Clicked on the Element.
Clicked on the Element.
Send Text to an element
Clicked on the Element 
Element is present. 1
Clicked on the Element 
Send Text to an element
Clicked on the Element 
Send Text to an element
Clicked on the Element 
Clicked on the Element 
The Webpage is switch to Frame
Clicked on the Element 
Clicked on the Element 
Clicked on the Element 
Clicked on the Element 
Clicked on the Element 
Clicked on the Element 
Clicked on the Element 
Clicked on the Element 
Clicked on the Element 
Clicked on the Element 
Browser is closed
test passed Pass
this is the exec id in listners 940557]]>
  </system-out>
</testsuite> <!-- test.C4000505 -->
