<?xml version="1.0" encoding="UTF-8"?>
<!-- Generated by org.testng.reporters.JUnitReportReporter -->
<testsuite hostname="80W-FIRMLAB07" failures="0" tests="1" name="test.C4000314" time="109.408" errors="0" timestamp="2024-05-14T02:29:26 CDT" skipped="0">
  <testcase classname="test.C4000314" name="test" time="109.408"/>
  <system-out>
    <![CDATA[Browser is set Edge
Clicked on the Element 
Send Text to an element
Send Text to an element
Clicked on the Element 
It is in new Home page 
Clicked on the Element 
Clicked on the Element 
Clicked on the Element 
Clicked on the Element 
Element is present. 1
Element is Enabled. true
Element is Enabled. true
Element is Enabled. true
Clicked on the Element 
Clicked on the Element 
Element is Not Enabled. 
Clicked on the Element 
Clicked on the Element 
Element is Not Enabled. 
Clicked on the Element 
Clicked on the Element 
Element is Not Enabled. 
Clicked on the Element 
Element is Enabled. true
Clicked on the Element 
Clicked on the Element 
Element is Enabled. true
Element is Enabled. true
Element is Enabled. true
Clicked on the Element 
Clicked on the Element 
Clicked on the Element 
Clicked on the Element 
Clicked on the Element 
Element is Enabled. true
Element is Enabled. true
Element is Enabled. true
Clicked on the Element 
Clicked on the Element 
Clicked on the Element 
Browser is closed
test passed Pass
this is the exec id in listners 929470]]>
  </system-out>
</testsuite> <!-- test.C4000314 -->
