<?xml version="1.0" encoding="UTF-8"?>
<!-- Generated by org.testng.reporters.JUnitReportReporter -->
<testsuite hostname="48S-TDMStest02" failures="0" tests="1" name="test.C4000148" time="52.642" errors="0" timestamp="2024-01-12T01:00:19 SGT" skipped="0">
  <testcase classname="test.C4000148" name="test" time="52.642"/>
  <system-out>
    <![CDATA[Browser is set chrome
Clicked on the Element 
Send Text to an element
Clicked on the Element 
Actual Title is Sign in - Google Accounts compared with expected Title Sign in - Google Accounts
Actual Text is If you’ve signed in to Google products like YouTube, try again with that email compared with expected Text If you’ve signed in to Google products like YouTube, try again with that email
Browser is closed
test passed Pass
this is the exec id in listners 899823]]>
  </system-out>
</testsuite> <!-- test.C4000148 -->
