<?xml version="1.0" encoding="UTF-8"?>
<!-- Generated by org.testng.reporters.JUnitReportReporter -->
<testsuite hostname="80W-FIRMLAB07" failures="0" tests="1" name="test.C4000570C" time="109.666" errors="0" timestamp="2024-04-08T08:40:19 CDT" skipped="0">
  <testcase classname="test.C4000570C" name="test" time="109.666"/>
  <system-out>
    <![CDATA[Browser is set chrome
Created a temporary Email dvtnojoanebys
Clicked on the Element 
Clicked on the Element 
Clicked on the Element 
Send Text to an element
Clicked on the Element 
Entered the Email Verification code
Clicked on the Element 
Browser is closed
test passed Pass
this is the exec id in listners 912672]]>
  </system-out>
</testsuite> <!-- test.C4000570C -->
