<?xml version="1.0" encoding="UTF-8"?>
<!-- Generated by org.testng.reporters.JUnitReportReporter -->
<testsuite hostname="80W-FIRMLAB07" failures="0" tests="1" name="test.C4000056" time="39.134" errors="0" timestamp="2024-05-11T04:03:55 CDT" skipped="0">
  <testcase classname="test.C4000056" name="test" time="39.134"/>
  <system-out>
    <![CDATA[Browser is set chrome
Clicked on the Element 
Clicked on the Element 
Clicked on the Element 
Actual Text is ZSB Printer Account Registration compared with expected Text ZSB Printer Account Registration
Send Text to an element
Clicked on the Element 
Actual Text is Sign In With compared with expected Text Sign In With
Browser is closed
test passed Pass
this is the exec id in listners 929094]]>
  </system-out>
</testsuite> <!-- test.C4000056 -->
