<?xml version="1.0" encoding="UTF-8"?>
<!-- Generated by org.testng.reporters.JUnitReportReporter -->
<testsuite hostname="48S-TDMStest02" failures="0" tests="1" name="test.C4000194" time="94.269" errors="0" timestamp="2023-11-21T20:07:08 SGT" skipped="0">
  <testcase classname="test.C4000194" name="test" time="94.269"/>
  <system-out>
    <![CDATA[Browser is set chrome
Clicked on the Element 
Send Text to an element
Send Text to an element
Clicked on the Element 
Actual Text is We didn't recognize the username or password you entered. Please try again. compared with expected Text We didn't recognize the username or password you entered. Please try again.
Clicked on the Element 
Send Text to an element
Clicked on the Element 
Clicked on the Element 
Actual Title is Zebra Small Office Home Office compared with expected Title Zebra Small Office Home Office
Actual Text is Test test compared with expected Text Test test
Clicked on the Element 
Clicked on the Element 
Browser is closed
test passed Pass
this is the exec id in listners 838263]]>
  </system-out>
</testsuite> <!-- test.C4000194 -->
