<?xml version="1.0" encoding="UTF-8"?>
<!-- Generated by org.testng.reporters.JUnitReportReporter -->
<testsuite hostname="80W-FIRMLAB07" failures="0" tests="1" name="test.C4000548" time="48.423" errors="0" timestamp="2024-03-12T06:42:59 CDT" skipped="0">
  <testcase classname="test.C4000548" name="test" time="48.423"/>
  <system-out>
    <![CDATA[Browser is set Edge
Clicked on the Element 
Send Text to an element
Send Text to an element
Clicked on the Element 
Clicked on the Element 
Clicked on the Element 
Clicked on the Element 
Clicked on the Element 
Clicked on the Element 
Clicked on the Element 
Clicked on the Element 
Element is Enabled. true
Clicked on the Element 
Element is present. 1
Actual Text is Delete Design compared with expected Text Delete Design
Actual Text is Deleting a Design will permanently remove it from your workspace. Are you sure you want to delete? compared with expected Text Deleting a Design will permanently remove it from your workspace. Are you sure you want to delete?
Element is Enabled. true
Element is Enabled. true
Clicked on the Element 
Element is not present. 0
Element is present. 1
Clicked on the Element 
Element is Enabled. true
Clicked on the Element 
Clicked on the Element 
Element is not present. 0
Element is not present. 0
Browser is closed
test passed Pass
this is the exec id in listners 909532]]>
  </system-out>
</testsuite> <!-- test.C4000548 -->
