<?xml version="1.0" encoding="UTF-8"?>
<!-- Generated by org.testng.reporters.JUnitReportReporter -->
<testsuite hostname="80W-FIRMLAB07" failures="0" tests="1" name="test.C4000197" time="77.756" errors="0" timestamp="2024-05-30T05:29:12 CDT" skipped="0">
  <testcase classname="test.C4000197" name="test" time="77.756"/>
  <system-out>
    <![CDATA[Browser is set Edge
Clicked on the Element 
Send Text to an element
Send Text to an element
Clicked on the Element 
It is in new Home page 
Clicked on the Element 
Clicked on the Element 
Clicked on the Element 
Actual Text is You have successfully signed off. compared with expected Text You have successfully signed off.
Browser is closed
test passed Pass
this is the exec id in listners 933072]]>
  </system-out>
</testsuite> <!-- test.C4000197 -->
