<?xml version="1.0" encoding="UTF-8"?>
<!-- Generated by org.testng.reporters.JUnitReportReporter -->
<testsuite hostname="80W-FIRMLAB07" failures="0" tests="1" name="test.C4000183" time="77.518" errors="0" timestamp="2024-05-30T04:17:31 CDT" skipped="0">
  <testcase classname="test.C4000183" name="test" time="77.518"/>
  <system-out>
    <![CDATA[Browser is set Edge
Clicked on the Element 
Send Text to an element
Send Text to an element
Clicked on the Element 
It is in new Home page 
Clicked on the Element 
Clicked on the Element 
This is the URL https://www.zebra.com/smb/us/en/labels.html
This is the title ZSB Printer Labels | Shipping, Address, Barcode and More | Zebra
Actual URL is https://www.zebra.com/smb/us/en/labels.html compared with expected URL https://www.zebra.com/smb/us/en/labels.html
Actual Title is ZSB Printer Labels | Shipping, Address, Barcode and More | Zebra compared with expected Title ZSB Printer Labels | Shipping, Address, Barcode and More | Zebra
Browser is closed
test passed Pass
this is the exec id in listners 933055]]>
  </system-out>
</testsuite> <!-- test.C4000183 -->
