<?xml version="1.0" encoding="UTF-8"?>
<!-- Generated by org.testng.reporters.JUnitReportReporter -->
<testsuite hostname="80W-FIRMLAB07" failures="0" tests="1" name="test.C4000069" time="66.536" errors="0" timestamp="2024-05-10T03:54:11 CDT" skipped="0">
  <testcase classname="test.C4000069" name="test" time="66.536"/>
  <system-out>
    <![CDATA[Browser is set chrome
Clicked on the Element 
Actual Text is Log Into Facebook compared with expected Text Log Into Facebook
Send Text to an element
Send Text to an element
Clicked on the Element 
It is in new Home page 
Clicked on the Element 
Clicked on the Element 
Element is present. 1
Clicked on the Element 
Clicked on the Element 
Actual Text is You have successfully signed off. compared with expected Text You have successfully signed off.
Browser is closed
test passed Pass
this is the exec id in listners 928721]]>
  </system-out>
</testsuite> <!-- test.C4000069 -->
