<?xml version="1.0" encoding="UTF-8"?>
<!-- Generated by org.testng.reporters.JUnitReportReporter -->
<testsuite hostname="80W-FIRMLAB07" failures="0" tests="1" name="test.C4000535" time="83.112" errors="0" timestamp="2024-05-14T22:48:23 CDT" skipped="0">
  <testcase classname="test.C4000535" name="test" time="83.112"/>
  <system-out>
    <![CDATA[Browser is set chrome
Clicked on the Element 
It is in new Home page 
Element is present. 1
Send Text to an element
Clicked on the Element 
Send Text to an element
Clicked on the Element 
Element is present. 1
Send Text to an element
Clicked on the Element 
Aunthencation for Apple Entered
Clicked on the Element 
Clicked on the Element 
It is in new Home page 
Clicked on the Element 
Clicked on the Element 
Element is present. 1
Clicked on the Element 
Clicked on the Element 
Element is present. 1
Browser is closed
test passed Pass
this is the exec id in listners 930973]]>
  </system-out>
</testsuite> <!-- test.C4000535 -->
