<?xml version="1.0" encoding="UTF-8"?>
<!-- Generated by org.testng.reporters.JUnitReportReporter -->
<testsuite hostname="48S-TDMStest02" failures="0" tests="1" name="test.clearBrowser" time="31.381" errors="0" timestamp="2024-01-11T22:53:09 SGT" skipped="0">
  <testcase classname="test.clearBrowser" name="test" time="31.381"/>
  <system-out>
    <![CDATA[Browser is set chrome
Clicked on the Element 
Send Text to an element
Send Text to an element
Clicked on the Element 
Clicked on the Element 
Clicked on the Element 
Browser is closed]]>
  </system-out>
</testsuite> <!-- test.clearBrowser -->
