<?xml version="1.0" encoding="UTF-8"?>
<!-- Generated by org.testng.reporters.JUnitReportReporter -->
<testsuite hostname="80W-FIRMLAB07" failures="0" tests="1" name="test.C4000239" time="77.323" errors="0" timestamp="2024-05-13T02:18:08 CDT" skipped="0">
  <testcase classname="test.C4000239" name="test" time="77.323"/>
  <system-out>
    <![CDATA[Browser is set chrome
Clicked on the Element 
Send Text to an element
Send Text to an element
Clicked on the Element 
It is in new Home page 
Actual Title is Zebra Small Office Home Office compared with expected Title Zebra Small Office Home Office
Actual URL is https://zsbportal-stage.zebra.com/home compared with expected URL https://zsbportal-stage.zebra.com/home
Clicked on the Element 
Clicked on the Element 
Clicked on the Element 
Element is present. 1
Clicked the element for set attribute
Clicked on the Element 
Clicked on the Element 
Clicked on the Element 
Clicked on the Element 
Clicked on the Element 
Actual Text is 3 compared with expected Text 3
Clicked the element for set attribute
Clicked on the Element 
The dialogue window has selected OK
The dialogue window has selected OK
Browser is closed
test passed Pass
this is the exec id in listners 929332]]>
  </system-out>
</testsuite> <!-- test.C4000239 -->
