<?xml version="1.0" encoding="UTF-8"?>
<!-- Generated by org.testng.reporters.JUnitReportReporter -->
<testsuite hostname="48S-TDMStest02" failures="0" tests="1" name="test.C4000112" time="104.892" errors="0" timestamp="2023-11-09T01:08:54 SGT" skipped="0">
  <testcase classname="test.C4000112" name="test" time="104.892"/>
  <system-out>
    <![CDATA[Browser is set chrome
Clicked on the Element 
Send Text to an element
Send Text to an element
Clicked on the Element 
Clicked on the Element 
Clicked on the Element 
Clicked on the Element 
Actual Title is Zebra Small Office Home Office compared with expected Title Zebra Small Office Home Office
Clicked on the Element 
Clicked on the Element 
Actual Text is You have successfully signed off. compared with expected Text You have successfully signed off.
Browser is closed
test passed Pass
this is the exec id in listners 836015]]>
  </system-out>
</testsuite> <!-- test.C4000112 -->
