<?xml version="1.0" encoding="UTF-8"?>
<!-- Generated by org.testng.reporters.JUnitReportReporter -->
<testsuite hostname="80W-FIRMLAB07" failures="0" tests="1" name="test.C4000063" time="54.119" errors="0" timestamp="2024-01-18T01:39:26 CST" skipped="0">
  <testcase classname="test.C4000063" name="test" time="54.119"/>
  <system-out>
    <![CDATA[Browser is set chrome
Clicked on the Element 
Send Text to an element
Send Text to an element
Clicked on the Element 
Clicked on the Element 
Clicked on the Element 
Clicked on the Element 
Send Text to an element
Clicked on the Element 
Actual Text is TestCase48516 compared with expected Text TestCase48516
Clicked on the Element 
Clicked on the Element 
Actual Text is Total of 2 Labels compared with expected Text Total of 2 Labels
Browser is closed
test passed Pass
this is the exec id in listners 900981]]>
  </system-out>
</testsuite> <!-- test.C4000063 -->
