<?xml version="1.0" encoding="UTF-8"?>
<!-- Generated by org.testng.reporters.JUnitReportReporter -->
<testsuite hostname="80W-FIRMLAB07" failures="0" tests="1" name="test.gmailAPI" time="31.060" errors="0" timestamp="2024-04-09T14:30:57 CDT" skipped="0">
  <testcase classname="test.gmailAPI" name="gmailtesting" time="31.060"/>
  <system-out/>
</testsuite> <!-- test.gmailAPI -->
