<?xml version="1.0" encoding="UTF-8"?>
<!-- Generated by org.testng.reporters.JUnitReportReporter -->
<testsuite hostname="80W-FIRMLAB07" failures="0" tests="1" name="test.C4000511" time="80.750" errors="0" timestamp="2024-02-20T02:26:51 CST" skipped="0">
  <testcase classname="test.C4000511" name="test" time="80.750"/>
  <system-out>
    <![CDATA[Browser is set chrome
Clicked on the Element 
Send Text to an element
Send Text to an element
Clicked on the Element 
Clicked on the Element 
Clicked on the Element 
Clicked on the Element 
Clicked on the Element 
Clicked on the Element 
Clicked on the Element 
The Webpage is switch to Frame
This is the zoom level 350
Clicked on the Element 
Dropped on Canvas
Clicked on the Element.
Clicked on the Element.
Clicked on the Element 
Dropped on Canvas
Clicked on the Element.
Clicked on the Element.
Send Text to an element
Clicked on the Element 
Dropped on Canvas
Clicked on the Element.
Clicked on the Element.
Send Text to an element
The variable value is New label (170)
Clicked on the Element 
Element is present. 1
Element is present. 1
Element is present. 1
Browser is closed
test passed Pass
this is the exec id in listners 906072]]>
  </system-out>
</testsuite> <!-- test.C4000511 -->
