<?xml version="1.0" encoding="UTF-8"?>
<!-- Generated by org.testng.reporters.JUnitReportReporter -->
<testsuite hostname="48S-TDMStest02" failures="0" tests="1" name="test.C4000168" time="49.182" errors="0" timestamp="2023-11-14T11:10:27 SGT" skipped="0">
  <testcase classname="test.C4000168" name="test" time="49.182"/>
  <system-out>
    <![CDATA[Browser is set chrome
Clicked on the Element 
Element is present. 1
Element is present. 1
Element is Enabled. true
Element is Enabled. true
Clicked on the Element 
Element is present. 1
Browser is closed
test passed Pass
this is the exec id in listners 836622]]>
  </system-out>
</testsuite> <!-- test.C4000168 -->
