<?xml version="1.0" encoding="UTF-8"?>
<!-- Generated by org.testng.reporters.JUnitReportReporter -->
<testsuite hostname="80W-FIRMLAB07" failures="0" tests="1" name="test.C4000380" time="186.695" errors="0" timestamp="2024-07-15T14:27:08 CDT" skipped="0">
  <testcase classname="test.C4000380" name="test" time="186.695"/>
  <system-out>
    <![CDATA[Browser is set chrome
Clicked on the Element 
Send Text to an element
Send Text to an element
Clicked on the Element 
It is in new Home page 
Clicked on the Element 
Clicked on the Element 
Clicked on the Element 
Clicked on the Element 
It is in new Home page 
Clicked on the Element 
Dropped on Canvas
The title name of the label is saved in  a variable @text1
Clicked on the Element.
Clicked on the Element.
Clicked on the Element.
Clicked on the Element.
Clicked on the Element.
Clicked on the Element.
Send Text to an element
Clicked on the Element 
Dropped on Canvas
The title name of the label is saved in  a variable @text2
Clicked on the Element.
Clicked on the Element.
Clicked on the Element.
Clicked on the Element.
Clicked on the Element.
Clicked on the Element.
Send Text to an element
Send Text to an element
Clicked on the Element 
Dropped on Canvas
The title name of the label is saved in  a variable @text3
Clicked on the Element.
Clicked on the Element.
Clicked on the Element.
Clicked on the Element.
Clicked on the Element.
Clicked on the Element.
Send Text to an element
Clicked on the Element 
Actual Text is 123.00 compared with expected Text 123.00
Send Text to an element
Clicked on the Element 
Clicked on the Element 
The Webpage is switch to Frame
Clicked on the Element 
Clicked on the Element 
Clicked on the Element 
Clicked on the Element 
Actual Text is 123.00 compared with expected Text 123.00
Send Text to an element
Clicked on the Element 
Element is present. 1
Clicked on the Element 
Clicked on the Element 
Clicked on the Element 
Clicked on the Element 
Clicked on the Element 
Clicked on the Element 
Browser is closed
test passed Pass
this is the exec id in listners 952075]]>
  </system-out>
</testsuite> <!-- test.C4000380 -->
