<?xml version="1.0" encoding="UTF-8"?>
<!-- Generated by org.testng.reporters.JUnitReportReporter -->
<testsuite hostname="48S-TDMStest02" failures="0" tests="1" name="test.C4000177" time="89.755" errors="0" timestamp="2023-11-21T13:42:05 SGT" skipped="0">
  <testcase classname="test.C4000177" name="test" time="89.755"/>
  <system-out>
    <![CDATA[Browser is set chrome
Clicked on the Element 
Actual Text is Sign In compared with expected Text Sign In
Send Text to an element
Send Text to an element
Clicked on the Element 
Clicked on the Element 
Actual Text is Test test compared with expected Text Test test
Clicked on the Element 
Clicked on the Element 
Actual Text is You have successfully signed off. compared with expected Text You have successfully signed off.
Browser is closed
test passed Pass
this is the exec id in listners 837990]]>
  </system-out>
</testsuite> <!-- test.C4000177 -->
