<?xml version="1.0" encoding="UTF-8"?>
<!-- Generated by org.testng.reporters.JUnitReportReporter -->
<testsuite hostname="80W-FIRMLAB07" failures="0" tests="1" name="test.googleTesting" time="33.085" errors="0" timestamp="2024-04-22T13:44:19 CDT" skipped="0">
  <testcase classname="test.googleTesting" name="nicelabel" time="33.085"/>
  <system-out>
    <![CDATA[Clicked on the Element 
Send Text to an element
Clicked on the Element 
It is in new Home page 
Send Text to an element
Clicked on the Element 
It is in new Home page 
Clicked on the Element 
Clicked on the Element ]]>
  </system-out>
</testsuite> <!-- test.googleTesting -->
