<?xml version="1.0" encoding="UTF-8"?>
<!-- Generated by org.testng.reporters.JUnitReportReporter -->
<testsuite hostname="80W-FIRMLAB07" failures="0" tests="1" name="test.C4000255" time="127.552" errors="0" timestamp="2024-04-01T01:26:59 CDT" skipped="0">
  <testcase classname="test.C4000255" name="test" time="127.552"/>
  <system-out>
    <![CDATA[Browser is set Edge
Clicked on the Element 
Send Text to an element
Send Text to an element
Clicked on the Element 
Clicked on the Element 
Clicked on the Element 
Clicked on the Element 
Clicked on the Element 
Clicked on the Element 
The Webpage is switch to Frame
Clicked on the Element 
Dropped on Canvas
Clicked on the Element.
Clicked on the Element.
Clicked on the Element.
Clicked on the Element.
Clicked on the Element 
Send Text to an element
Actual Text is Unable to load design preview compared with expected Text Unable to load design preview
Actual Text is Invalid value for variable.
Contents of item "Text" can not be set, because its value is invalid. Invalid format MM/dd/yyyy for value 13/13/2024. compared with expected Text Invalid value for variable.
Contents of item "Text" can not be set, because its value is invalid. Invalid format MM/dd/yyyy for value 13/13/2024.
Clicked on the Element 
Browser is closed
test passed Pass
this is the exec id in listners 912242]]>
  </system-out>
</testsuite> <!-- test.C4000255 -->
