<?xml version="1.0" encoding="UTF-8"?>
<!-- Generated by org.testng.reporters.JUnitReportReporter -->
<testsuite hostname="80W-FIRMLAB07" failures="0" tests="1" name="test.C4000546" time="75.180" errors="0" timestamp="2024-03-12T03:58:34 CDT" skipped="0">
  <testcase classname="test.C4000546" name="test" time="75.180"/>
  <system-out>
    <![CDATA[Browser is set Edge
Clicked on the Element 
Send Text to an element
Send Text to an element
Clicked on the Element 
Clicked on the Element 
Clicked on the Element 
Actual Text is Search common designs compared with expected Text Search common designs
Send Text to an element
Element is present. 1
Actual Text is DESIGNS compared with expected Text DESIGNS
Element is not present. 0
Actual Text is Categories (0) compared with expected Text Categories (0)
Actual Text is No Categories were found with current filter. compared with expected Text No Categories were found with current filter.
Actual Text is Designs (1) compared with expected Text Designs (1)
Actual Text is Binder compared with expected Text Binder
Clicked on the Element 
Actual Text is Address compared with expected Text Address
Actual Text is Barcodes compared with expected Text Barcodes
Actual Text is Jewelry compared with expected Text Jewelry
Actual Text is Multipurpose/Name Tag compared with expected Text Multipurpose/Name Tag
Actual Text is Postage/Shipping compared with expected Text Postage/Shipping
Actual Text is Return Address/File Folder compared with expected Text Return Address/File Folder
Actual Text is Round compared with expected Text Round
Actual Text is Shipping compared with expected Text Shipping
Actual Text is Small Multipurpose compared with expected Text Small Multipurpose
Actual Text is XL Shipping compared with expected Text XL Shipping
Clicked on the Element 
Clicked on the Element 
Browser is closed
test passed Pass
this is the exec id in listners 909512]]>
  </system-out>
</testsuite> <!-- test.C4000546 -->
