<?xml version="1.0" encoding="UTF-8"?>
<!-- Generated by org.testng.reporters.JUnitReportReporter -->
<testsuite hostname="80W-FIRMLAB07" failures="0" tests="1" name="test.C4000055" time="55.607" errors="0" timestamp="2024-05-11T03:35:00 CDT" skipped="0">
  <testcase classname="test.C4000055" name="test" time="55.607"/>
  <system-out>
    <![CDATA[Browser is set chrome
Clicked on the Element 
Clicked on the Element 
It is in new Home page 
Actual Text is Please fill out username field. compared with expected Text Please fill out username field.
Actual Text is Please fill out password field. compared with expected Text Please fill out password field.
Send Text to an element
Clicked on the Element 
It is in new Home page 
Actual Text is Please fill out password field. compared with expected Text Please fill out password field.
Send Text to an element
Clicked on the Element 
Clicked on the Element 
It is in new Home page 
Element is present. 1
Clicked on the Element 
Clicked on the Element 
Browser is closed
test passed Pass
this is the exec id in listners 929072]]>
  </system-out>
</testsuite> <!-- test.C4000055 -->
