<?xml version="1.0" encoding="UTF-8"?>
<!-- Generated by org.testng.reporters.JUnitReportReporter -->
<testsuite hostname="80W-FIRMLAB07" failures="0" tests="1" name="test.cmdTesting" time="28.491" errors="0" timestamp="2024-07-02T15:44:58 CDT" skipped="0">
  <testcase classname="test.cmdTesting" name="test" time="28.491"/>
  <system-out>
    <![CDATA[Browser is set chrome
Clicked on the Element 
Send Text to an element
Send Text to an element
Clicked on the Element 
It is in new Home page 
Browser is closed]]>
  </system-out>
</testsuite> <!-- test.cmdTesting -->
