<?xml version="1.0" encoding="UTF-8"?>
<!-- Generated by org.testng.reporters.JUnitReportReporter -->
<testsuite hostname="48S-TDMStest02" failures="0" tests="1" name="test.C4000296" time="146.034" errors="0" timestamp="2023-12-01T14:52:03 SGT" skipped="0">
  <testcase classname="test.C4000296" name="test" time="146.034"/>
  <system-out>
    <![CDATA[Browser is set chrome
Clicked on the Element 
Send Text to an element
Send Text to an element
Clicked on the Element 
Clicked on the Element 
Clicked on the Element 
Clicked on the Element 
Clicked on the Element 
Element is present. 1
Element is Enabled. true
Element is Enabled. true
Element is Enabled. true
Clicked on the Element 
Clicked on the Element 
Element is Not Enabled. 
Clicked on the Element 
Clicked on the Element 
Element is Not Enabled. 
Clicked on the Element 
Clicked on the Element 
Element is Not Enabled. 
Clicked on the Element 
Element is Enabled. true
Browser is closed
test passed Pass
this is the exec id in listners 840952]]>
  </system-out>
</testsuite> <!-- test.C4000296 -->
