<?xml version="1.0" encoding="UTF-8"?>
<!-- Generated by org.testng.reporters.JUnitReportReporter -->
<testsuite hostname="80W-FIRMLAB07" failures="0" tests="1" name="test.C4000364" time="130.659" errors="0" timestamp="2024-07-09T04:43:00 CDT" skipped="0">
  <testcase classname="test.C4000364" name="test" time="130.659"/>
  <system-out>
    <![CDATA[Browser is set Edge
Clicked on the Element 
Send Text to an element
Send Text to an element
Clicked on the Element 
It is in new Home page 
Clicked on the Element 
Clicked on the Element 
Clicked on the Element 
Clicked on the Element 
Actual Text is To: compared with expected Text To:
Actual Text is From: compared with expected Text From:
Clicked on the Element 
The dialogue window has selected OK
The dialogue window has selected OK
Clicked on the Element 
Clicked on the Element 
Browser is closed
test passed Pass
this is the exec id in listners 946550]]>
  </system-out>
</testsuite> <!-- test.C4000364 -->
