<?xml version="1.0" encoding="UTF-8"?>
<!-- Generated by org.testng.reporters.JUnitReportReporter -->
<testsuite hostname="48S-TDMStest02" failures="0" tests="1" name="test.C4000092" time="105.564" errors="0" timestamp="2023-11-21T14:04:27 SGT" skipped="0">
  <testcase classname="test.C4000092" name="test" time="105.564"/>
  <system-out>
    <![CDATA[Browser is set chrome
Clicked on the Element 
Send Text to an element
Send Text to an element
Clicked on the Element 
Clicked on the Element 
Clicked on the Element 
Actual Text is Privacy Policy: compared with expected Text Privacy Policy:
Actual Text is Review Privacy Policy compared with expected Text Review Privacy Policy
Clicked on the Element 
This is the URL https://www.zebra.com/us/en/about-zebra/company-information/legal/privacy-statement.html
This is the title Privacy Statement | Zebra Technologies
Actual URL is https://www.zebra.com/us/en/about-zebra/company-information/legal/privacy-statement.html compared with expected URL https://www.zebra.com/us/en/about-zebra/company-information/legal/privacy-statement.html
Actual Title is Privacy Statement | Zebra Technologies compared with expected Title Privacy Statement | Zebra Technologies
Clicked on the Element 
Actual Text is You have successfully signed off. compared with expected Text You have successfully signed off.
Browser is closed
test passed Pass
this is the exec id in listners 837995]]>
  </system-out>
</testsuite> <!-- test.C4000092 -->
