<?xml version="1.0" encoding="UTF-8"?>
<!-- Generated by org.testng.reporters.JUnitReportReporter -->
<testsuite hostname="80W-FIRMLAB07" failures="0" tests="1" name="test.C4000014" time="0.006" errors="0" timestamp="2024-07-05T11:14:24 CDT" skipped="0">
  <testcase classname="test.C4000014" name="test" time="0.006"/>
  <system-out>
    <![CDATA[test passed Pass
this is the exec id in listners 941899]]>
  </system-out>
</testsuite> <!-- test.C4000014 -->
