<?xml version="1.0" encoding="UTF-8"?>
<!-- Generated by org.testng.reporters.JUnitReportReporter -->
<testsuite hostname="80W-FIRMLAB07" failures="0" tests="1" name="test.C4000761" time="40.949" errors="0" timestamp="2024-06-19T05:46:20 CDT" skipped="0">
  <testcase classname="test.C4000761" name="test" time="40.949"/>
  <system-out>
    <![CDATA[Browser is set chrome
Clicked on the Element 
Send Text to an element
Send Text to an element
Clicked on the Element 
It is in new Home page 
Clicked on the Element 
Clicked on the Element 
Clicked on the Element 
Actual Text is Printer Name compared with expected Text Printer Name
Clicked on the Element 
Clicked on the Element 
Actual Text is Printer Name compared with expected Text Printer Name
Clicked on the Element 
Clicked on the Element 
Actual Text is Printer Name compared with expected Text Printer Name
Clicked on the Element 
Clicked on the Element 
Clicked on the Element 
Browser is closed
test passed Pass
this is the exec id in listners 936368]]>
  </system-out>
</testsuite> <!-- test.C4000761 -->
