<?xml version="1.0" encoding="UTF-8"?>
<!-- Generated by org.testng.reporters.JUnitReportReporter -->
<testsuite hostname="48S-TDMStest02" failures="0" tests="1" name="test.C4000212" time="265.033" errors="0" timestamp="2023-12-05T00:08:08 SGT" skipped="0">
  <testcase classname="test.C4000212" name="test" time="265.033"/>
  <system-out>
    <![CDATA[Browser is set chrome
Clicked on the Element 
Send Text to an element
Send Text to an element
Clicked on the Element 
Clicked on the Element 
Actual Text is Welcome to your new ZSB Series Printer compared with expected Text Welcome to your new ZSB Series Printer
Clicked on the Element 
Clicked on the Element 
Clicked on the Element 
Send Text to an element
Send Text to an element
Clicked on the Element 
Actual Text is No Printers available compared with expected Text No Printers available
Clicked on the Element 
Clicked on the Element 
Clicked on the Element 
Clicked on the Element 
Send Text to an element
Send Text to an element
Clicked on the Element 
Actual Text is No Printers available compared with expected Text No Printers available
Clicked on the Element 
Clicked on the Element 
Clicked on the Element 
Send Text to an element
Send Text to an element
Clicked on the Element 
Clicked on the Element 
Actual Text is Welcome to your new ZSB Series Printer compared with expected Text Welcome to your new ZSB Series Printer
Clicked on the Element 
Clicked on the Element 
Browser is closed
test passed Pass
this is the exec id in listners 841469]]>
  </system-out>
</testsuite> <!-- test.C4000212 -->
