<?xml version="1.0" encoding="UTF-8"?>
<!-- Generated by org.testng.reporters.JUnitReportReporter -->
<testsuite hostname="80W-FIRMLAB07" failures="0" tests="1" name="test.C4000050" time="52.790" errors="0" timestamp="2024-07-09T03:16:17 CDT" skipped="0">
  <testcase classname="test.C4000050" name="test" time="52.790"/>
  <system-out>
    <![CDATA[Browser is set chrome
Clicked on the Element 
Send Text to an element
Send Text to an element
Clicked on the Element 
It is in new Home page 
Actual Text is No Printers available compared with expected Text No Printers available
Clicked on the Element 
Clicked on the Element 
Element is present. 1
Actual Text is Adjust your ZSB Series Label Printer's printing preferences. compared with expected Text Adjust your ZSB Series Label Printer's printing preferences.
Element is present. 1
Actual Text is Graphic: Dithering compared with expected Text Graphic: Dithering
Element is not present. 0
Clicked on the Element 
Element is present. 1
Browser is closed
test passed Pass
this is the exec id in listners 946453]]>
  </system-out>
</testsuite> <!-- test.C4000050 -->
