<?xml version="1.0" encoding="UTF-8"?>
<!-- Generated by org.testng.reporters.JUnitReportReporter -->
<testsuite hostname="48S-TDMStest02" failures="0" tests="1" name="test.C4000154" time="69.565" errors="0" timestamp="2024-01-12T01:02:20 SGT" skipped="0">
  <testcase classname="test.C4000154" name="test" time="69.565"/>
  <system-out>
    <![CDATA[Browser is set chrome
Clicked on the Element 
Send Text to an element
Clicked on the Element 
Send Text to an element
Clicked on the Element 
Actual Text is Your Apple ID or password was incorrect. compared with expected Text Your Apple ID or password was incorrect.
Actual Text is Your Apple ID or password was incorrect. compared with expected Text Your Apple ID or password was incorrect.
Browser is closed
test passed Pass
this is the exec id in listners 899824]]>
  </system-out>
</testsuite> <!-- test.C4000154 -->
