<?xml version="1.0" encoding="UTF-8"?>
<!-- Generated by org.testng.reporters.JUnitReportReporter -->
<testsuite hostname="80W-FIRMLAB07" failures="0" tests="1" name="test.C4000250" time="82.214" errors="0" timestamp="2024-07-12T06:48:53 CDT" skipped="0">
  <testcase classname="test.C4000250" name="test" time="82.214"/>
  <system-out>
    <![CDATA[Browser is set chrome
Clicked on the Element 
Send Text to an element
Send Text to an element
Clicked on the Element 
It is in new Home page 
Actual Title is Zebra Small Office Home Office compared with expected Title Zebra Small Office Home Office
Actual URL is https://zsbportal-stage.zebra.com/home compared with expected URL https://zsbportal-stage.zebra.com/home
Actual Title is Zebra Small Office Home Office compared with expected Title Zebra Small Office Home Office
Actual URL is https://zsbportal-stage.zebra.com/home compared with expected URL https://zsbportal-stage.zebra.com/home
Clicked on the Element 
Actual Text is Settings compared with expected Text Settings
dog.GIF File has been uploaded on webpage
Clicked on the Element 
Actual Text is MFW compared with expected Text MFW
Send Text to an element
Clicked on the Element 
Actual Text is HW compared with expected Text HW
Test2.bmp File has been uploaded on webpage
car.jpg File has been uploaded on webpage
stylish-indian-flag-design_1394-725.jpg File has been uploaded on webpage
png-2757379_1280.png File has been uploaded on webpage
Clicked on the Element 
Send Text to an element
Clicked on the Element 
Actual Text is MFW compared with expected Text MFW
Clicked on the Element 
Clicked on the Element 
Send Text to an element
Send Text to an element
Clicked on the Element 
Clicked on the Element 
Browser is closed
test passed Pass
this is the exec id in listners 950419]]>
  </system-out>
</testsuite> <!-- test.C4000250 -->
