<?xml version="1.0" encoding="UTF-8"?>
<!-- Generated by org.testng.reporters.JUnitReportReporter -->
<testsuite hostname="80W-FIRMLAB07" failures="0" tests="1" name="test.C4000581" time="112.891" errors="0" timestamp="2024-04-18T05:04:31 CDT" skipped="0">
  <testcase classname="test.C4000581" name="test" time="112.891"/>
  <system-out>
    <![CDATA[Browser is set chrome
Clicked on the Element 
Send Text to an element
Send Text to an element
Clicked on the Element 
It is in new Home page 
Clicked on the Element 
Clicked on the Element 
Clicked on the Element 
Clicked on the Element 
Clicked on the Element 
The Webpage is switch to Frame
The variable value is New label (207)
Clicked on the Element 
Element is present. 1
Element is present. 1
Clicked on the Element 
Clicked on the Element 
Clicked on the Element 
The variable value is TEDauto48131
Clicked on the Element 
Element is present. 1
Actual Text is TEDauto48131 compared with expected Text TEDauto48131
Clicked on the Element 
Clicked on the Element 
The Webpage is switch to Frame
This is the zoom level 350
Clicked on the Element 
Dropped on Canvas
Clicked on the Element 
Dropped on Canvas
Clicked on the Element 
Clicked on the Element 
Clicked on the Element 
The Webpage is switch to Frame
Clicked on the Element 
Clicked on the Element 
Clicked on the Element 
Clicked on the Element 
Clicked on the Element 
Clicked on the Element 
Clicked on the Element 
Clicked on the Element 
Browser is closed
test passed Pass
this is the exec id in listners 915261]]>
  </system-out>
</testsuite> <!-- test.C4000581 -->
