<?xml version="1.0" encoding="UTF-8"?>
<!-- Generated by org.testng.reporters.JUnitReportReporter -->
<testsuite hostname="48S-TDMStest02" failures="0" tests="1" name="test.C4000404" time="80.819" errors="0" timestamp="2023-12-18T16:14:33 SGT" skipped="0">
  <testcase classname="test.C4000404" name="test" time="80.819"/>
  <system-out>
    <![CDATA[Browser is set Edge
Clicked on the Element 
Send Text to an element
Send Text to an element
Clicked on the Element 
Actual Title is Zebra Small Office Home Office compared with expected Title Zebra Small Office Home Office
Actual URL is https://zsbportal-stage.zebra.com/home compared with expected URL https://zsbportal-stage.zebra.com/home
Clicked on the Element 
Element is present. 1
Clicked on the Element 
Browser is closed
test passed Pass
this is the exec id in listners 850112]]>
  </system-out>
</testsuite> <!-- test.C4000404 -->
