<?xml version="1.0" encoding="UTF-8"?>
<!-- Generated by org.testng.reporters.JUnitReportReporter -->
<testsuite hostname="80W-FIRMLAB07" failures="0" tests="1" name="test.emailVerification" time="93.181" errors="0" timestamp="2024-04-08T08:31:08 CDT" skipped="0">
  <testcase classname="test.emailVerification" name="mailTesting" time="93.181"/>
  <system-out>
    <![CDATA[Browser is set chrome
Clicked on the Element 
Clicked on the Element 
Send Text to an element
Clicked on the Element 
Clicked on the Element 
Browser is closed]]>
  </system-out>
</testsuite> <!-- test.emailVerification -->
