<?xml version="1.0" encoding="UTF-8"?>
<!-- Generated by org.testng.reporters.JUnitReportReporter -->
<testsuite hostname="80W-FIRMLAB07" failures="0" tests="1" name="test.C4000537" time="86.016" errors="0" timestamp="2024-05-15T01:39:34 CDT" skipped="0">
  <testcase classname="test.C4000537" name="test" time="86.016"/>
  <system-out>
    <![CDATA[Browser is set chrome
Clicked on the Element 
It is in new Home page 
Element is present. 1
Send Text to an element
Clicked on the Element 
Send Text to an element
Clicked on the Element 
Aunthencation for Apple Entered
Clicked on the Element 
Clicked on the Element 
It is in new Home page 
Clicked on the Element 
Clicked on the Element 
Actual Text is pst3537175@126.com compared with expected Text pst3537175@126.com
Clicked on the Element 
Clicked on the Element 
Element is present. 1
Browser is closed
test passed Pass
this is the exec id in listners 931003]]>
  </system-out>
</testsuite> <!-- test.C4000537 -->
