<?xml version="1.0" encoding="UTF-8"?>
<!-- Generated by org.testng.reporters.JUnitReportReporter -->
<testsuite hostname="48S-TDMStest02" failures="0" tests="1" name="test.C4000309" time="102.315" errors="0" timestamp="2023-12-05T10:45:32 SGT" skipped="0">
  <testcase classname="test.C4000309" name="test" time="102.315"/>
  <system-out>
    <![CDATA[Browser is set chrome
Clicked on the Element 
Send Text to an element
Send Text to an element
Clicked on the Element 
Actual Title is Zebra Small Office Home Office compared with expected Title Zebra Small Office Home Office
Actual URL is https://zsbportal-stage.zebra.com/home compared with expected URL https://zsbportal-stage.zebra.com/home
Element is present. 1
Clicked on the Element 
Clicked on the Element 
Element is Not Enabled. 
Send Text to an element
Element is Enabled. true
Browser is closed
test passed Pass
this is the exec id in listners 841510]]>
  </system-out>
</testsuite> <!-- test.C4000309 -->
