<?xml version="1.0" encoding="UTF-8"?>
<!-- Generated by org.testng.reporters.JUnitReportReporter -->
<testsuite hostname="80W-FIRMLAB07" failures="0" tests="1" name="test.C4000512" time="48.538" errors="0" timestamp="2024-03-11T01:31:15 CDT" skipped="0">
  <testcase classname="test.C4000512" name="test" time="48.538"/>
  <system-out>
    <![CDATA[Browser is set Edge
Clicked on the Element 
Send Text to an element
Send Text to an element
Clicked on the Element 
Clicked on the Element 
Clicked on the Element 
Clicked on the Element 
Clicked on the Element 
Element is Enabled. true
Clicked on the Element 
Clicked on the Element 
Clicked on the Element 
Clicked on the Element 
Send Text to an element
Clicked on the Element 
Element is not present. 0
Actual Text is Showing 1 of 1 design compared with expected Text Showing 1 of 1 design
Actual Text is !Special_123 compared with expected Text !Special_123
Actual Text is 1.25" x 3.5" compared with expected Text 1.25" x 3.5"
Element is not present. 0
Actual Text is Showing 1 of 1 design compared with expected Text Showing 1 of 1 design
Browser is closed
test passed Pass
this is the exec id in listners 909288]]>
  </system-out>
</testsuite> <!-- test.C4000512 -->
