<?xml version="1.0" encoding="UTF-8"?>
<!-- Generated by org.testng.reporters.JUnitReportReporter -->
<testsuite hostname="48S-TDMStest02" failures="0" tests="1" name="test.C4000052" time="64.907" errors="0" timestamp="2023-10-23T17:39:59 SGT" skipped="0">
  <testcase classname="test.C4000052" name="test" time="64.907"/>
  <system-out>
    <![CDATA[Browser is set chrome
Clicked on the Element 
Actual Text is Create, design and print labels from your PC or Mac. compared with expected Text Create, design and print labels from your PC or Mac.
Actual Text is Design custom labels from scratch and print using the ZSB Label Designer on your PC or Mac compared with expected Text Design custom labels from scratch and print using the ZSB Label Designer on your PC or Mac
Actual Text is Create a free Zebra account and register your printer for access to : compared with expected Text Create a free Zebra account and register your printer for access to :
Actual Text is Create and design labels in your own web-based custom workspace. compared with expected Text Create and design labels in your own web-based custom workspace.
Actual Text is Thousands of pre-made design templates with high quality artwork perfect for home or business use. compared with expected Text Thousands of pre-made design templates with high quality artwork perfect for home or business use.
Actual Text is Automatic software updates with the latest features and bug fixes. compared with expected Text Automatic software updates with the latest features and bug fixes.
Actual Text is And much more ! compared with expected Text And much more !
Element is present. 1
Element is present. 1
Clicked on the Element 
Actual Text is Sign In with your email compared with expected Text Sign In with your email
Browser is closed
test passed Pass
this is the exec id in listners 831365]]>
  </system-out>
</testsuite> <!-- test.C4000052 -->
