<?xml version="1.0" encoding="UTF-8"?>
<!-- Generated by org.testng.reporters.JUnitReportReporter -->
<testsuite hostname="48S-TDMStest02" failures="0" tests="1" name="test.C4000161" time="120.539" errors="0" timestamp="2023-11-22T15:21:21 SGT" skipped="0">
  <testcase classname="test.C4000161" name="test" time="120.539"/>
  <system-out>
    <![CDATA[Browser is set Firefox
Clicked on the Element 
Send Text to an element
Send Text to an element
Clicked on the Element 
Clicked on the Element 
Element is present. 1
Send Text to an element
Clicked on the Element 
Clicked on the Element 
Element is present. 1
Clicked on the Element 
Element is present. 1
Browser is closed
test passed Pass
this is the exec id in listners 838594]]>
  </system-out>
</testsuite> <!-- test.C4000161 -->
