<?xml version="1.0" encoding="UTF-8"?>
<!-- Generated by org.testng.reporters.JUnitReportReporter -->
<testsuite hostname="48S-TDMStest02" failures="0" tests="1" name="test.C4000276" time="131.284" errors="0" timestamp="2023-12-01T15:13:56 SGT" skipped="0">
  <testcase classname="test.C4000276" name="test" time="131.284"/>
  <system-out>
    <![CDATA[Browser is set chrome
Clicked on the Element 
Send Text to an element
Send Text to an element
Clicked on the Element 
Actual Title is Zebra Small Office Home Office compared with expected Title Zebra Small Office Home Office
Actual URL is https://zsbportal-stage.zebra.com/home compared with expected URL https://zsbportal-stage.zebra.com/home
Clicked on the Element 
Clicked on the Element 
Cleared the Text of an element
Clicked on the Element 
Actual Text is ZSB-DP12 compared with expected Text ZSB-DP12
Clicked on the Element 
Clicked on the Element 
Send Text to an element
Element is present. 1
Send Text to an element
Clicked on the Element 
Actual Text is ZSB-DP12 compared with expected Text ZSB-DP12
Clicked on the Element 
Clicked on the Element 
Send Text to an element
Element is present. 1
Send Text to an element
Browser is closed
test passed Pass
this is the exec id in listners 840972]]>
  </system-out>
</testsuite> <!-- test.C4000276 -->
