<?xml version="1.0" encoding="UTF-8"?>
<!-- Generated by org.testng.reporters.JUnitReportReporter -->
<testsuite hostname="48S-TDMStest02" failures="0" tests="1" name="test.C4000135" time="151.972" errors="0" timestamp="2024-01-08T20:36:46 SGT" skipped="0">
  <testcase classname="test.C4000135" name="test" time="151.972"/>
  <system-out>
    <![CDATA[Browser is set chrome
Clicked on the Element 
Send Text to an element
Send Text to an element
Clicked on the Element 
Actual Text is The email you entered isn’t connected to an account. Find your account and log in. compared with expected Text The email you entered isn’t connected to an account. Find your account and log in.
Send Text to an element
Send Text to an element
Clicked on the Element 
Actual Text is The email you entered isn’t connected to an account. Find your account and log in. compared with expected Text The email you entered isn’t connected to an account. Find your account and log in.
Send Text to an element
Send Text to an element
Clicked on the Element 
Actual Text is The email you entered isn’t connected to an account. Create a new Facebook account. compared with expected Text The email you entered isn’t connected to an account. Create a new Facebook account.
Send Text to an element
Send Text to an element
Clicked on the Element 
Clicked on the Element 
Clicked on the Element 
Clicked on the Element 
Browser is closed
test passed Pass
this is the exec id in listners 898620]]>
  </system-out>
</testsuite> <!-- test.C4000135 -->
