<?xml version="1.0" encoding="UTF-8"?>
<!-- Generated by org.testng.reporters.JUnitReportReporter -->
<testsuite hostname="48S-TDMStest02" failures="0" tests="1" name="test.C4000120" time="89.926" errors="0" timestamp="2024-01-12T00:55:00 SGT" skipped="0">
  <testcase classname="test.C4000120" name="test" time="89.926"/>
  <system-out>
    <![CDATA[Browser is set chrome
Clicked on the Element 
Send Text to an element
Send Text to an element
Clicked on the Element 
Clicked on the Element 
Clicked on the Element 
Actual Title is Signed Off compared with expected Title Signed Off
Browser is closed
test passed Pass
this is the exec id in listners 899819]]>
  </system-out>
</testsuite> <!-- test.C4000120 -->
