<?xml version="1.0" encoding="UTF-8"?>
<!-- Generated by org.testng.reporters.JUnitReportReporter -->
<testsuite hostname="80W-FIRMLAB07" failures="0" tests="1" name="test.C4000234" time="53.239" errors="0" timestamp="2024-07-09T03:04:11 CDT" skipped="0">
  <testcase classname="test.C4000234" name="test" time="53.239"/>
  <system-out>
    <![CDATA[Browser is set chrome
Clicked on the Element 
Send Text to an element
Send Text to an element
Clicked on the Element 
It is in new Home page 
Clicked on the Element 
Clicked on the Element 
Element is present. 1
Actual Text is Please acknowledge the following to continue: compared with expected Text Please acknowledge the following to continue:
Actual Text is This action cannot be undone. Deleting your printer will: compared with expected Text This action cannot be undone. Deleting your printer will:
Actual Text is Factory reset your printer compared with expected Text Factory reset your printer
Actual Text is To delete your printer, it must be turned ON. compared with expected Text To delete your printer, it must be turned ON.
Actual Text is Permanently remove it from your workspace compared with expected Text Permanently remove it from your workspace
Actual Text is After deleting your printer, proceed to the Bluetooth settings on your device to remove the existing Bluetooth bond. compared with expected Text After deleting your printer, proceed to the Bluetooth settings on your device to remove the existing Bluetooth bond.
Element is Enabled. true
Clicked on the Element 
Element is not present. 0
Element is present. 1
Browser is closed
test passed Pass
this is the exec id in listners 946434]]>
  </system-out>
</testsuite> <!-- test.C4000234 -->
