<?xml version="1.0" encoding="UTF-8"?>
<!-- Generated by org.testng.reporters.JUnitReportReporter -->
<testsuite hostname="48S-TDMStest02" failures="0" tests="1" name="test.C4000191" time="59.778" errors="0" timestamp="2023-11-21T19:49:40 SGT" skipped="0">
  <testcase classname="test.C4000191" name="test" time="59.778"/>
  <system-out>
    <![CDATA[Browser is set chrome
Clicked on the Element 
Send Text to an element
Send Text to an element
Clicked on the Element 
Actual Text is We didn't recognize the username or password you entered. Please try again. compared with expected Text We didn't recognize the username or password you entered. Please try again.
Actual Title is Sign In compared with expected Title Sign In
Browser is closed
test passed Pass
this is the exec id in listners 838262]]>
  </system-out>
</testsuite> <!-- test.C4000191 -->
