<?xml version="1.0" encoding="UTF-8"?>
<!-- Generated by org.testng.reporters.JUnitReportReporter -->
<testsuite hostname="48S-TDMStest02" failures="0" tests="1" name="test.C4000270" time="124.562" errors="0" timestamp="2023-11-29T11:33:21 SGT" skipped="0">
  <testcase classname="test.C4000270" name="test" time="124.562"/>
  <system-out>
    <![CDATA[Browser is set chrome
Clicked on the Element 
Send Text to an element
Send Text to an element
Clicked on the Element 
Element is present. 1
Actual Text is We didn't recognize the username or password you entered. Please try again. compared with expected Text We didn't recognize the username or password you entered. Please try again.
Clicked on the Element 
Send Text to an element
Send Text to an element
Clicked on the Element 
Element is present. 1
Clicked on the Element 
Send Text to an element
Send Text to an element
Clicked on the Element 
Element is present. 1
Browser is closed
test passed Pass
this is the exec id in listners 840087]]>
  </system-out>
</testsuite> <!-- test.C4000270 -->
